
> @gestao-hb/admin@0.1.0 build C:\Users\daniel.melo.GRUPOSG\repos\Gestao-HB\apps\admin
> next build

   ▲ Next.js 15.5.20

   Creating an optimized production build ...
 ✓ Compiled successfully in 6.6s
   Linting and checking validity of types ...

   We detected TypeScript in your project and reconfigured your tsconfig.json file for you. Strict-mode is set to false by default.
   The following mandatory changes were made to your tsconfig.json:

   	- esModuleInterop was set to true (requirement for SWC / babel)

   Collecting page data ...
   Generating static pages (0/4) ...
   Generating static pages (1/4) 
   Generating static pages (2/4) 
   Generating static pages (3/4) 
 ✓ Generating static pages (4/4)
   Finalizing page optimization ...
   Collecting build traces ...

Route (app)                                 Size  First Load JS
┌ ○ /                                      123 B         102 kB
└ ○ /_not-found                            990 B         103 kB
+ First Load JS shared by all             102 kB
  ├ chunks/486-09cb584e1fa20339.js       46.1 kB
  ├ chunks/d18442cf-481d4507c914b45a.js  54.2 kB
  └ other shared chunks (total)          1.97 kB


○  (Static)  prerendered as static content

